# JRE version: Java(TM) SE Runtime Environment (21.0.1+12) (build 21.0.1+12-LTS-29)
# Java VM: Java HotSpot(TM) 64-Bit Server VM (21.0.1+12-LTS-29, mixed mode, sharing, tiered, compressed oops, compressed class ptrs, g1 gc, bsd-aarch64)
Heap:
 garbage-first heap   total 264192K, used 60905K [0x0000000700000000, 0x0000000800000000)
  region size 2048K, 25 young (51200K), 1 survivors (2048K)
 Metaspace       used 8728K, committed 8960K, reserved 1114112K
  class space    used 918K, committed 1024K, reserved 1048576K
GC Heap History (12 events):
Event: 3.873 GC heap before
{Heap before GC invocations=0 (full 0):
 garbage-first heap   total 264192K, used 25613K [0x0000000700000000, 0x0000000800000000)
  region size 2048K, 11 young (22528K), 0 survivors (0K)
 Metaspace       used 8405K, committed 8640K, reserved 1114112K
  class space    used 900K, committed 1024K, reserved 1048576K
}
Event: 3.875 GC heap after
{Heap after GC invocations=1 (full 0):
 garbage-first heap   total 264192K, used 10172K [0x0000000700000000, 0x0000000800000000)
  region size 2048K, 2 young (4096K), 2 survivors (4096K)
 Metaspace       used 8405K, committed 8640K, reserved 1114112K
  class space    used 900K, committed 1024K, reserved 1048576K
}
Event: 9.183 GC heap before
{Heap before GC invocations=1 (full 0):
 garbage-first heap   total 264192K, used 51132K [0x0000000700000000, 0x0000000800000000)
  region size 2048K, 22 young (45056K), 2 survivors (4096K)
 Metaspace       used 8561K, committed 8768K, reserved 1114112K
  class space    used 900K, committed 1024K, reserved 1048576K
}
Event: 9.185 GC heap after
{Heap after GC invocations=2 (full 0):
 garbage-first heap   total 264192K, used 12964K [0x0000000700000000, 0x0000000800000000)
  region size 2048K, 1 young (2048K), 1 survivors (2048K)
 Metaspace       used 8561K, committed 8768K, reserved 1114112K
  class space    used 900K, committed 1024K, reserved 1048576K
}
Event: 32.723 GC heap before
{Heap before GC invocations=2 (full 0):
 garbage-first heap   total 264192K, used 166564K [0x0000000700000000, 0x0000000800000000)
  region size 2048K, 76 young (155648K), 1 survivors (2048K)
 Metaspace       used 8728K, committed 8960K, reserved 1114112K
  class space    used 918K, committed 1024K, reserved 1048576K
}
Event: 32.723 GC heap after
{Heap after GC invocations=3 (full 0):
 garbage-first heap   total 264192K, used 12825K [0x0000000700000000, 0x0000000800000000)
  region size 2048K, 1 young (2048K), 1 survivors (2048K)
 Metaspace       used 8728K, committed 8960K, reserved 1114112K
  class space    used 918K, committed 1024K, reserved 1048576K
}
Event: 55.948 GC heap before
{Heap before GC invocations=3 (full 0):
 garbage-first heap   total 264192K, used 166425K [0x0000000700000000, 0x0000000800000000)
  region size 2048K, 76 young (155648K), 1 survivors (2048K)
 Metaspace       used 8728K, committed 8960K, reserved 1114112K
  class space    used 918K, committed 1024K, reserved 1048576K
}
Event: 55.948 GC heap after
{Heap after GC invocations=4 (full 0):
 garbage-first heap   total 264192K, used 12783K [0x0000000700000000, 0x0000000800000000)
  region size 2048K, 1 young (2048K), 1 survivors (2048K)
 Metaspace       used 8728K, committed 8960K, reserved 1114112K
  class space    used 918K, committed 1024K, reserved 1048576K
}
Event: 79.123 GC heap before
{Heap before GC invocations=4 (full 0):
 garbage-first heap   total 264192K, used 166383K [0x0000000700000000, 0x0000000800000000)
  region size 2048K, 76 young (155648K), 1 survivors (2048K)
 Metaspace       used 8728K, committed 8960K, reserved 1114112K
  class space    used 918K, committed 1024K, reserved 1048576K
}
Event: 79.123 GC heap after
{Heap after GC invocations=5 (full 0):
 garbage-first heap   total 264192K, used 12775K [0x0000000700000000, 0x0000000800000000)
  region size 2048K, 1 young (2048K), 1 survivors (2048K)
 Metaspace       used 8728K, committed 8960K, reserved 1114112K
  class space    used 918K, committed 1024K, reserved 1048576K
}
Event: 102.248 GC heap before
{Heap before GC invocations=5 (full 0):
 garbage-first heap   total 264192K, used 166375K [0x0000000700000000, 0x0000000800000000)
  region size 2048K, 76 young (155648K), 1 survivors (2048K)
 Metaspace       used 8728K, committed 8960K, reserved 1114112K
  class space    used 918K, committed 1024K, reserved 1048576K
}
Event: 102.248 GC heap after
{Heap after GC invocations=6 (full 0):
 garbage-first heap   total 264192K, used 12775K [0x0000000700000000, 0x0000000800000000)
  region size 2048K, 1 young (2048K), 1 survivors (2048K)
 Metaspace       used 8728K, committed 8960K, reserved 1114112K
  class space    used 918K, committed 1024K, reserved 1048576K
}

